<?xml version="1.0" encoding="UTF-8"?>
<!-- Generated by org.testng.reporters.JUnitReportReporter -->
<testsuite hostname="TuoiPT-Aspire" failures="0" tests="3" name="automationfc.com.Topic_01_Check_Environment" time="0.081" errors="0" timestamp="2 Nov 2021 09:12:07 GMT">
  <testcase classname="automationfc.com.Topic_01_Check_Environment" name="TC_02_ValidatePageTitle" time="0.011"/>
  <testcase classname="automationfc.com.Topic_01_Check_Environment" name="TC_03_LoginFormDisplayed" time="0.055"/>
  <testcase classname="automationfc.com.Topic_01_Check_Environment" name="TC_01_ValidateCurrentUrl" time="0.015"/>
</testsuite> <!-- automationfc.com.Topic_01_Check_Environment -->
